[    0.000000] Linux version 4.15.0-191-generic (buildd@lcy02-amd64-032) (gcc version 7.5.0 (Ubuntu 7.5.0-3ubuntu1~18.04)) #202-Ubuntu SMP Thu Aug 4 01:49:29 UTC 2022 (Ubuntu 4.15.0-191.202-generic 4.15.18)
[    0.000000] Command line: BOOT_IMAGE=/boot/vmlinuz-4.15.0-191-generic root=LABEL=cloudimg-rootfs ro console=tty1 console=ttyS0
[    0.000000] KERNEL supported cpus:
[    0.000000]   Intel GenuineIntel
[    0.000000]   AMD AuthenticAMD
[    0.000000]   Centaur CentaurHauls
[    0.000000] [Firmware Bug]: TSC doesn't count with P0 frequency!
[    0.000000] x86/fpu: x87 FPU will use FXSAVE
[    0.000000] e820: BIOS-provided physical RAM map:
[    0.000000] BIOS-e820: [mem 0x0000000000000000-0x000000000009fbff] usable
[    0.000000] BIOS-e820: [mem 0x000000000009fc00-0x000000000009ffff] reserved
[    0.000000] BIOS-e820: [mem 0x00000000000f0000-0x00000000000fffff] reserved
[    0.000000] BIOS-e820: [mem 0x0000000000100000-0x000000003ffeffff] usable
[    0.000000] BIOS-e820: [mem 0x000000003fff0000-0x000000003fffffff] ACPI data
[    0.000000] BIOS-e820: [mem 0x00000000fec00000-0x00000000fec00fff] reserved
[    0.000000] BIOS-e820: [mem 0x00000000fee00000-0x00000000fee00fff] reserved
[    0.000000] BIOS-e820: [mem 0x00000000fffc0000-0x00000000ffffffff] reserved
[    0.000000] NX (Execute Disable) protection: active
[    0.000000] SMBIOS 2.5 present.
[    0.000000] DMI: innotek GmbH VirtualBox/VirtualBox, BIOS VirtualBox 12/01/2006
[    0.000000] Hypervisor detected: KVM
[    0.000000] e820: last_pfn = 0x3fff0 max_arch_pfn = 0x400000000
[    0.000000] MTRR: Disabled
[    0.000000] x86/PAT: MTRRs disabled, skipping PAT initialization too.
[    0.000000] CPU MTRRs all blank - virtualized system.
[    0.000000] x86/PAT: Configuration [0-7]: WB  WT  UC- UC  WB  WT  UC- UC  
[    0.000000] found SMP MP-table at [mem 0x0009fff0-0x0009ffff]
[    0.000000] Scanning 1 areas for low memory corruption
[    0.000000] RAMDISK: [mem 0x359cf000-0x36cdefff]
[    0.000000] ACPI: Early table checksum verification disabled
[    0.000000] ACPI: RSDP 0x00000000000E0000 000024 (v02 VBOX  )
[    0.000000] ACPI: XSDT 0x000000003FFF0030 00003C (v01 VBOX   VBOXXSDT 00000001 ASL  00000061)
[    0.000000] ACPI: FACP 0x000000003FFF00F0 0000F4 (v04 VBOX   VBOXFACP 00000001 ASL  00000061)
[    0.000000] ACPI: DSDT 0x000000003FFF0470 002325 (v02 VBOX   VBOXBIOS 00000002 INTL 20100528)
[    0.000000] ACPI: FACS 0x000000003FFF0200 000040
[    0.000000] ACPI: FACS 0x000000003FFF0200 000040
[    0.000000] ACPI: APIC 0x000000003FFF0240 00005C (v02 VBOX   VBOXAPIC 00000001 ASL  00000061)
[    0.000000] ACPI: SSDT 0x000000003FFF02A0 0001CC (v01 VBOX   VBOXCPUT 00000002 INTL 20100528)
[    0.000000] ACPI: Reserving FACP table memory at [mem 0x3fff00f0-0x3fff01e3]
[    0.000000] ACPI: Reserving DSDT table memory at [mem 0x3fff0470-0x3fff2794]
[    0.000000] ACPI: Reserving FACS table memory at [mem 0x3fff0200-0x3fff023f]
[    0.000000] ACPI: Reserving FACS table memory at [mem 0x3fff0200-0x3fff023f]
[    0.000000] ACPI: Reserving APIC table memory at [mem 0x3fff0240-0x3fff029b]
[    0.000000] ACPI: Reserving SSDT table memory at [mem 0x3fff02a0-0x3fff046b]
[    0.000000] No NUMA configuration found
[    0.000000] Faking a node at [mem 0x0000000000000000-0x000000003ffeffff]
[    0.000000] NODE_DATA(0) allocated [mem 0x3ffc5000-0x3ffeffff]
[    0.000000] kvm-clock: cpu 0, msr 0:3ff44001, primary cpu clock
[    0.000000] kvm-clock: Using msrs 4b564d01 and 4b564d00
[    0.000000] kvm-clock: using sched offset of 4374904907 cycles
[    0.000000] clocksource: kvm-clock: mask: 0xffffffffffffffff max_cycles: 0x1cd42e4dffb, max_idle_ns: 881590591483 ns
[    0.000000] Zone ranges:
[    0.000000]   DMA      [mem 0x0000000000001000-0x0000000000ffffff]
[    0.000000]   DMA32    [mem 0x0000000001000000-0x000000003ffeffff]
[    0.000000]   Normal   empty
[    0.000000]   Device   empty
[    0.000000] Movable zone start for each node
[    0.000000] Early memory node ranges
[    0.000000]   node   0: [mem 0x0000000000001000-0x000000000009efff]
[    0.000000]   node   0: [mem 0x0000000000100000-0x000000003ffeffff]
[    0.000000] Reserved but unavailable: 104 pages
[    0.000000] Initmem setup node 0 [mem 0x0000000000001000-0x000000003ffeffff]
[    0.000000] ACPI: PM-Timer IO Port: 0x4008
[    0.000000] IOAPIC[0]: apic_id 2, version 32, address 0xfec00000, GSI 0-23
[    0.000000] ACPI: INT_SRC_OVR (bus 0 bus_irq 0 global_irq 2 dfl dfl)
[    0.000000] ACPI: INT_SRC_OVR (bus 0 bus_irq 9 global_irq 9 low level)
[    0.000000] Using ACPI (MADT) for SMP configuration information
[    0.000000] smpboot: Allowing 2 CPUs, 0 hotplug CPUs
[    0.000000] PM: Registered nosave memory: [mem 0x00000000-0x00000fff]
[    0.000000] PM: Registered nosave memory: [mem 0x0009f000-0x0009ffff]
[    0.000000] PM: Registered nosave memory: [mem 0x000a0000-0x000effff]
[    0.000000] PM: Registered nosave memory: [mem 0x000f0000-0x000fffff]
[    0.000000] e820: [mem 0x40000000-0xfebfffff] available for PCI devices
[    0.000000] Booting paravirtualized kernel on KVM
[    0.000000] clocksource: refined-jiffies: mask: 0xffffffff max_cycles: 0xffffffff, max_idle_ns: 7645519600211568 ns
[    0.000000] random: get_random_bytes called from start_kernel+0x99/0x500 with crng_init=0
[    0.000000] setup_percpu: NR_CPUS:8192 nr_cpumask_bits:2 nr_cpu_ids:2 nr_node_ids:1
[    0.000000] percpu: Embedded 50 pages/cpu s167936 r8192 d28672 u1048576
[    0.000000] PV qspinlock hash table entries: 256 (order: 0, 4096 bytes)
[    0.000000] Built 1 zonelists, mobility grouping on.  Total pages: 257913
[    0.000000] Policy zone: DMA32
[    0.000000] Kernel command line: BOOT_IMAGE=/boot/vmlinuz-4.15.0-191-generic root=LABEL=cloudimg-rootfs ro console=tty1 console=ttyS0
[    0.000000] Memory: 982656K/1048120K available (12300K kernel code, 2484K rwdata, 4324K rodata, 2468K init, 2724K bss, 65464K reserved, 0K cma-reserved)
[    0.000000] SLUB: HWalign=64, Order=0-3, MinObjects=0, CPUs=2, Nodes=1
[    0.000000] ftrace: allocating 39485 entries in 155 pages
[    0.004000] Hierarchical RCU implementation.
[    0.004000] 	RCU restricting CPUs from NR_CPUS=8192 to nr_cpu_ids=2.
[    0.004000] 	Tasks RCU enabled.
[    0.004000] RCU: Adjusting geometry for rcu_fanout_leaf=16, nr_cpu_ids=2
[    0.004000] NR_IRQS: 524544, nr_irqs: 440, preallocated irqs: 16
[    0.004000] Console: colour VGA+ 80x25
[    0.004000] console [tty1] enabled
[    0.004000] console [ttyS0] enabled
[    0.004000] ACPI: Core revision 20170831
[    0.004000] ACPI: 2 ACPI AML tables successfully acquired and loaded
[    0.004000] APIC: Switch to symmetric I/O mode setup
[    0.004000] ..TIMER: vector=0x30 apic1=0 pin1=2 apic2=-1 pin2=-1
[    0.004000] tsc: Detected 2595.024 MHz processor
[    0.004000] Calibrating delay loop (skipped) preset value.. 5190.04 BogoMIPS (lpj=10380096)
[    0.004011] pid_max: default: 32768 minimum: 301
[    0.008167] Security Framework initialized
[    0.012010] Yama: becoming mindful.
[    0.016119] AppArmor: AppArmor initialized
[    0.027242] Dentry cache hash table entries: 131072 (order: 8, 1048576 bytes)
[    0.034374] Inode-cache hash table entries: 65536 (order: 7, 524288 bytes)
[    0.036177] Mount-cache hash table entries: 2048 (order: 2, 16384 bytes)
[    0.040107] Mountpoint-cache hash table entries: 2048 (order: 2, 16384 bytes)
[    0.045377] Last level iTLB entries: 4KB 1024, 2MB 1024, 4MB 512
[    0.048009] Last level dTLB entries: 4KB 2048, 2MB 2048, 4MB 1024, 1GB 0
[    0.052006] Spectre V1 : Mitigation: usercopy/swapgs barriers and __user pointer sanitization
[    0.056010] Spectre V2 : Mitigation: Retpolines
[    0.060007] Spectre V2 : Spectre v2 / SpectreRSB mitigation: Filling RSB on context switch
[    0.064206] Freeing SMP alternatives memory: 36K
[    0.194436] APIC calibration not consistent with PM-Timer: 106ms instead of 100ms
[    0.196000] APIC delta adjusted to PM-Timer: 6435803 (6869683)
[    0.196429] smpboot: CPU0: AMD Ryzen 3 5300U with Radeon Graphics (family: 0x17, model: 0x68, stepping: 0x1)
[    0.200563] Performance Events: PMU not available due to virtualization, using software events only.
[    0.204180] Hierarchical SRCU implementation.
[    0.208849] NMI watchdog: Perf event create on CPU 0 failed with -2
[    0.212007] NMI watchdog: Perf NMI watchdog permanently disabled
[    0.216578] smp: Bringing up secondary CPUs ...
[    0.221066] x86: Booting SMP configuration:
[    0.224008] .... node  #0, CPUs:      #1
[    0.004000] kvm-clock: cpu 1, msr 0:3ff44041, secondary cpu clock
[    0.236099] smp: Brought up 1 node, 2 CPUs
[    0.240007] smpboot: Max logical packages: 1
[    0.244011] smpboot: Total of 2 processors activated (10380.09 BogoMIPS)
[    0.248531] devtmpfs: initialized
[    0.251677] x86/mm: Memory block size: 128MB
[    0.256808] evm: security.selinux
[    0.260010] evm: security.SMACK64
[    0.264006] evm: security.SMACK64EXEC
[    0.268005] evm: security.SMACK64TRANSMUTE
[    0.276010] evm: security.SMACK64MMAP
[    0.280006] evm: security.apparmor
[    0.284004] evm: security.ima
[    0.286847] evm: security.capability
[    0.292706] clocksource: jiffies: mask: 0xffffffff max_cycles: 0xffffffff, max_idle_ns: 7645041785100000 ns
[    0.300020] futex hash table entries: 512 (order: 3, 32768 bytes)
[    0.308437] pinctrl core: initialized pinctrl subsystem
[    0.312470] RTC time: 11:17:59, date: 10/12/22
[    0.317291] NET: Registered protocol family 16
[    0.324284] audit: initializing netlink subsys (disabled)
[    0.328232] audit: type=2000 audit(1665573484.545:1): state=initialized audit_enabled=0 res=1
[    0.336201] cpuidle: using governor ladder
[    0.340218] cpuidle: using governor menu
[    0.348116] ACPI: bus type PCI registered
[    0.352015] acpiphp: ACPI Hot Plug PCI Controller Driver version: 0.5
[    0.356716] PCI: Using configuration type 1 for base access
[    0.364006] PCI: Using configuration type 1 for extended access
[    0.376672] HugeTLB registered 2.00 MiB page size, pre-allocated 0 pages
[    0.384504] ACPI: Added _OSI(Module Device)
[    0.392007] ACPI: Added _OSI(Processor Device)
[    0.396005] ACPI: Added _OSI(3.0 _SCP Extensions)
[    0.400022] ACPI: Added _OSI(Processor Aggregator Device)
[    0.408010] ACPI: Added _OSI(Linux-Dell-Video)
[    0.412010] ACPI: Added _OSI(Linux-Lenovo-NV-HDMI-Audio)
[    0.416018] ACPI: Added _OSI(Linux-HPI-Hybrid-Graphics)
[    0.421008] ACPI: Executed 1 blocks of module-level executable AML code
[    0.437742] ACPI: Interpreter enabled
[    0.440037] ACPI: (supports S0 S5)
[    0.444012] ACPI: Using IOAPIC for interrupt routing
[    0.452738] PCI: Using host bridge windows from ACPI; if necessary, use "pci=nocrs" and report a bug
[    0.460280] ACPI: Enabled 2 GPEs in block 00 to 07
[    0.481657] ACPI: PCI Root Bridge [PCI0] (domain 0000 [bus 00-ff])
[    0.488041] acpi PNP0A03:00: _OSC: OS supports [ExtendedConfig ASPM ClockPM Segments MSI]
[    0.498490] acpi PNP0A03:00: _OSC: platform does not support [PCIeCapability]
[    0.508442] acpi PNP0A03:00: _OSC: not requesting control; platform does not support [PCIeCapability]
[    0.516014] acpi PNP0A03:00: _OSC: OS requested [PCIeHotplug PME AER PCIeCapability]
[    0.524017] acpi PNP0A03:00: _OSC: platform willing to grant [PCIeHotplug PME AER]
[    0.532019] acpi PNP0A03:00: _OSC failed (AE_SUPPORT); disabling ASPM
[    0.536999] PCI host bridge to bus 0000:00
[    0.540011] pci_bus 0000:00: root bus resource [io  0x0000-0x0cf7 window]
[    0.548015] pci_bus 0000:00: root bus resource [io  0x0d00-0xffff window]
[    0.556008] pci_bus 0000:00: root bus resource [mem 0x000a0000-0x000bffff window]
[    0.564017] pci_bus 0000:00: root bus resource [mem 0x40000000-0xfdffffff window]
[    0.568012] pci_bus 0000:00: root bus resource [bus 00-ff]
[    0.583731] pci 0000:00:01.1: legacy IDE quirk: reg 0x10: [io  0x01f0-0x01f7]
[    0.588010] pci 0000:00:01.1: legacy IDE quirk: reg 0x14: [io  0x03f6]
[    0.596023] pci 0000:00:01.1: legacy IDE quirk: reg 0x18: [io  0x0170-0x0177]
[    0.604009] pci 0000:00:01.1: legacy IDE quirk: reg 0x1c: [io  0x0376]
[    0.632359] pci 0000:00:07.0: quirk: [io  0x4000-0x403f] claimed by PIIX4 ACPI
[    0.636045] pci 0000:00:07.0: quirk: [io  0x4100-0x410f] claimed by PIIX4 SMB
[    0.656378] ACPI: PCI Interrupt Link [LNKA] (IRQs 5 9 10 *11)
[    0.660934] ACPI: PCI Interrupt Link [LNKB] (IRQs 5 9 *10 11)
[    0.668241] ACPI: PCI Interrupt Link [LNKC] (IRQs 5 *9 10 11)
[    0.672362] ACPI: PCI Interrupt Link [LNKD] (IRQs 5 9 10 *11)
[    0.680841] SCSI subsystem initialized
[    0.684330] pci 0000:00:02.0: vgaarb: setting as boot VGA device
[    0.688000] pci 0000:00:02.0: vgaarb: VGA device added: decodes=io+mem,owns=io+mem,locks=none
[    0.688012] pci 0000:00:02.0: vgaarb: bridge control possible
[    0.692006] vgaarb: loaded
[    0.696055] ACPI: bus type USB registered
[    0.700173] usbcore: registered new interface driver usbfs
[    0.704024] usbcore: registered new interface driver hub
[    0.708024] usbcore: registered new device driver usb
[    0.712344] EDAC MC: Ver: 3.0.0
[    0.716853] PCI: Using ACPI for IRQ routing
[    0.721024] NetLabel: Initializing
[    0.724020] NetLabel:  domain hash size = 128
[    0.728008] NetLabel:  protocols = UNLABELED CIPSOv4 CALIPSO
[    0.732131] NetLabel:  unlabeled traffic allowed by default
[    0.736528] clocksource: Switched to clocksource kvm-clock
[    0.796061] VFS: Disk quotas dquot_6.6.0
[    0.802846] VFS: Dquot-cache hash table entries: 512 (order 0, 4096 bytes)
[    0.810072] AppArmor: AppArmor Filesystem Enabled
[    0.815323] pnp: PnP ACPI init
[    0.821844] pnp: PnP ACPI: found 3 devices
[    0.877788] clocksource: acpi_pm: mask: 0xffffff max_cycles: 0xffffff, max_idle_ns: 2085701024 ns
[    0.885911] NET: Registered protocol family 2
[    0.891934] IP idents hash table entries: 16384 (order: 5, 131072 bytes)
[    0.898280] TCP established hash table entries: 8192 (order: 4, 65536 bytes)
[    0.907039] TCP bind hash table entries: 8192 (order: 5, 131072 bytes)
[    0.914838] TCP: Hash tables configured (established 8192 bind 8192)
[    0.922041] UDP hash table entries: 512 (order: 2, 16384 bytes)
[    0.928176] UDP-Lite hash table entries: 512 (order: 2, 16384 bytes)
[    0.933775] NET: Registered protocol family 1
[    0.938088] pci 0000:00:00.0: Limiting direct PCI/PCI transfers
[    0.944521] pci 0000:00:01.0: Activating ISA DMA hang workarounds
[    0.951505] pci 0000:00:02.0: Video device with shadowed ROM at [mem 0x000c0000-0x000dffff]
[    0.961339] Unpacking initramfs...
[    1.110111] Freeing initrd memory: 19520K
[    1.520445] clocksource: tsc: mask: 0xffffffffffffffff max_cycles: 0x2567df558cb, max_idle_ns: 440795255958 ns
[    1.529204] platform rtc_cmos: registered platform RTC device (no PNP device found)
[    1.539919] Scanning for low memory corruption every 60 seconds
[    1.548829] Initialise system trusted keyrings
[    1.553594] Key type blacklist registered
[    1.559000] workingset: timestamp_bits=36 max_order=18 bucket_order=0
[    1.566249] zbud: loaded
[    1.571140] squashfs: version 4.0 (2009/01/31) Phillip Lougher
[    1.579297] fuse init (API version 7.26)
[    1.616995] Key type asymmetric registered
[    1.621320] Asymmetric key parser 'x509' registered
[    1.626049] Block layer SCSI generic (bsg) driver version 0.4 loaded (major 246)
[    1.633173] io scheduler noop registered
[    1.638314] io scheduler deadline registered
[    1.642715] io scheduler cfq registered (default)
[    1.647461] ACPI: AC Adapter [AC] (on-line)
[    1.651563] input: Power Button as /devices/LNXSYSTM:00/LNXPWRBN:00/input/input0
[    1.660457] ACPI: Power Button [PWRF]
[    1.663699] input: Sleep Button as /devices/LNXSYSTM:00/LNXSLPBN:00/input/input1
[    1.670719] ACPI: Sleep Button [SLPF]
[    1.677794] ACPI: Battery Slot [BAT0] (battery present)
[    1.683885] Serial: 8250/16550 driver, 32 ports, IRQ sharing enabled
[    1.721909] 00:02: ttyS0 at I/O 0x3f8 (irq = 4, base_baud = 115200) is a 16550A
[    1.750233] Linux agpgart interface v0.103
[    1.762967] loop: module loaded
[    1.769010] scsi host0: ata_piix
[    1.773506] scsi host1: ata_piix
[    1.776636] ata1: PATA max UDMA/33 cmd 0x1f0 ctl 0x3f6 bmdma 0xd000 irq 14
[    1.782489] ata2: PATA max UDMA/33 cmd 0x170 ctl 0x376 bmdma 0xd008 irq 15
[    1.789489] tun: Universal TUN/TAP device driver, 1.6
[    1.794655] PPP generic driver version 2.4.2
[    1.799115] ehci_hcd: USB 2.0 'Enhanced' Host Controller (EHCI) Driver
[    1.806964] ehci-pci: EHCI PCI platform driver
[    1.811013] ehci-platform: EHCI generic platform driver
[    1.815851] ohci_hcd: USB 1.1 'Open' Host Controller (OHCI) Driver
[    1.822930] ohci-pci: OHCI PCI platform driver
[    1.827154] ohci-platform: OHCI generic platform driver
[    1.831803] uhci_hcd: USB Universal Host Controller Interface driver
[    1.838139] i8042: PNP: PS/2 Controller [PNP0303:PS2K,PNP0f03:PS2M] at 0x60,0x64 irq 1,12
[    1.841846] serio: i8042 KBD port at 0x60,0x64 irq 1
[    1.852882] serio: i8042 AUX port at 0x60,0x64 irq 12
[    1.859457] mousedev: PS/2 mouse device common for all mice
[    1.868382] input: AT Translated Set 2 keyboard as /devices/platform/i8042/serio0/input/input2
[    1.872888] rtc_cmos rtc_cmos: rtc core: registered rtc_cmos as rtc0
[    1.883934] rtc_cmos rtc_cmos: alarms up to one day, 114 bytes nvram
[    1.891593] i2c /dev entries driver
[    1.895300] device-mapper: uevent: version 1.0.3
[    1.900422] device-mapper: ioctl: 4.37.0-ioctl (2017-09-20) initialised: dm-devel@redhat.com
[    1.910484] ledtrig-cpu: registered to indicate activity on CPUs
[    1.919063] NET: Registered protocol family 10
[    1.936288] Segment Routing with IPv6
[    1.939892] NET: Registered protocol family 17
[    1.945137] Key type dns_resolver registered
[    1.950409] mce: Using 0 MCE banks
[    1.955255] RAS: Correctable Errors collector initialized.
[    1.961509] sched_clock: Marking stable (1961451856, 0)->(2724201685, -762749829)
[    2.023106] registered taskstats version 1
[    2.027690] Loading compiled-in X.509 certificates
[    2.037791] Loaded X.509 cert 'Build time autogenerated kernel key: c22b55fccca0ab4a1b471e83eb5a5035df964114'
[    2.049081] Loaded X.509 cert 'Canonical Ltd. Live Patch Signing: 14df34d1a87cf37625abec039ef2bf521249b969'
[    2.058832] Loaded X.509 cert 'Canonical Ltd. Kernel Module Signing: 88f752e560a1e0737e31163a466ad7b70a850c19'
[    2.067859] blacklist: Loading compiled-in revocation X.509 certificates
[    2.074831] Loaded X.509 cert 'Canonical Ltd. Secure Boot Signing: 61482aa2830d0ab2ad5af10b7250da9033ddcef0'
[    2.085229] zswap: loaded using pool lzo/zbud
[    2.099707] Key type big_key registered
[    2.104224] Key type trusted registered
[    2.113795] Key type encrypted registered
[    2.117388] AppArmor: AppArmor sha1 policy hashing enabled
[    2.124933] ima: No TPM chip found, activating TPM-bypass! (rc=-19)
[    2.130862] ima: Allocated hash algorithm: sha1
[    2.135085] evm: HMAC attrs: 0x1
[    2.140052]   Magic number: 10:810:276
[    2.144239] tty tty13: hash matches
[    2.148241] rtc_cmos rtc_cmos: setting system clock to 2022-10-12 11:18:01 UTC (1665573481)
[    2.157438] BIOS EDD facility v0.16 2004-Jun-25, 0 devices found
[    2.193132] EDD information not available.
[    2.201803] Freeing unused kernel image memory: 2468K
[    2.239169] Write protecting the kernel read-only data: 20480k
[    2.245899] Freeing unused kernel image memory: 2008K
[    2.250922] Freeing unused kernel image memory: 1820K
[    2.262492] x86/mm: Checked W+X mappings: passed, no W+X pages found.
Loading, please wait...
starting version 237
[    2.388852] Fusion MPT base driver 3.04.20
[    2.393561] Copyright (c) 1999-2008 LSI Corporation
[    2.405734] e1000: Intel(R) PRO/1000 Network Driver - version 7.3.21-k8-NAPI
[    2.414442] e1000: Copyright (c) 1999-2006 Intel Corporation.
[    2.431048] Fusion MPT SPI Host driver 3.04.20
[    2.460995] mptbase: ioc0: Initiating bringup
[    2.591416] ioc0: LSI53C1030 A0: Capabilities={Initiator}
[    2.648879] input: ImExPS/2 Generic Explorer Mouse as /devices/platform/i8042/serio1/input/input4
[    2.862893] scsi host2: ioc0: LSI53C1030 A0, FwRev=00000000h, Ports=1, MaxQ=256, IRQ=20
[    3.042273] scsi 2:0:0:0: Direct-Access     VBOX     HARDDISK         1.0  PQ: 0 ANSI: 5
[    3.080501] scsi target2:0:0: Beginning Domain Validation
[    3.097970] scsi target2:0:0: Domain Validation skipping write tests
[    3.105840] scsi target2:0:0: Ending Domain Validation
[    3.111979] scsi target2:0:0: asynchronous
[    3.120763] scsi 2:0:1:0: Direct-Access     VBOX     HARDDISK         1.0  PQ: 0 ANSI: 5
[    3.485032] scsi target2:0:1: Beginning Domain Validation
[    3.492516] random: fast init done
[    3.503898] scsi target2:0:1: Domain Validation skipping write tests
[    3.510752] scsi target2:0:1: Ending Domain Validation
[    3.517519] scsi target2:0:1: asynchronous
[    3.542666] sd 2:0:0:0: Attached scsi generic sg0 type 0
[    3.547899] random: systemd-udevd: uninitialized urandom read (16 bytes read)
[    3.549304] sd 2:0:1:0: Attached scsi generic sg1 type 0
[    3.558184] sd 2:0:1:0: [sdb] 20480 512-byte logical blocks: (10.5 MB/10.0 MiB)
[    3.564435] random: systemd-udevd: uninitialized urandom read (16 bytes read)
[    3.576003] random: systemd-udevd: uninitialized urandom read (16 bytes read)
[    3.577287] sd 2:0:1:0: [sdb] Write Protect is off
[    3.583078] sd 2:0:0:0: [sda] 83886080 512-byte logical blocks: (42.9 GB/40.0 GiB)
[    3.596461] sd 2:0:0:0: [sda] Write Protect is off
[    3.603184] sd 2:0:0:0: [sda] Incomplete mode parameter data
[    3.610045] sd 2:0:0:0: [sda] Assuming drive cache: write through
[    3.617759] sd 2:0:1:0: [sdb] Incomplete mode parameter data
[    3.624624] sd 2:0:1:0: [sdb] Assuming drive cache: write through
[    3.646313]  sda: sda1
[    3.658905] sd 2:0:0:0: [sda] Attached SCSI disk
[    3.668320] sd 2:0:1:0: [sdb] Attached SCSI disk
[    3.862503] e1000 0000:00:03.0 eth0: (PCI:33MHz:32-bit) 02:77:d8:76:0e:b8
[    3.868695] e1000 0000:00:03.0 eth0: Intel(R) PRO/1000 Network Connection
[    4.521399] e1000 0000:00:08.0 eth1: (PCI:33MHz:32-bit) 08:00:27:af:22:39
[    4.527260] e1000 0000:00:08.0 eth1: Intel(R) PRO/1000 Network Connection
[    4.539999] e1000 0000:00:08.0 enp0s8: renamed from eth1
[    4.561472] e1000 0000:00:03.0 enp0s3: renamed from eth0
Begin: Loading essential drivers ... [    6.907643] raid6: sse2x1   gen() 65462 MB/s
[    8.909660] raid6: sse2x1   xor() 161842 MB/s
[    9.909337] raid6: sse2x2   gen() 316997 MB/s
[   10.908286] raid6: sse2x2   xor() 212482 MB/s
[   11.952210] raid6: sse2x4   gen() 14013 MB/s
[   12.005531] raid6: sse2x4   xor()  7655 MB/s
[   12.010261] raid6: using algorithm sse2x2 gen() 316997 MB/s
[   12.016167] raid6: .... xor() 212482 MB/s, rmw enabled
[   12.021634] raid6: using ssse3x2 recovery algorithm
[   12.028588] xor: measuring software checksum speed
[   12.072926]    prefetch64-sse: 15275.000 MB/sec
[   12.116418]    generic_sse: 13623.000 MB/sec
[   12.120855] xor: using function: prefetch64-sse (15275.000 MB/sec)
[   12.128767] async_tx: api initialized (async)
done.
Begin: Running /scripts/init-premount ... done.
Begin: Mounting root file system ... Begin: Running /scripts/local-top ... done.
Begin: Running /scripts/local-premount ... [   12.203280] Btrfs loaded, crc32c=crc32c-intel
Scanning for Btrfs filesystems
done.
Warning: fsck not present, so skipping root file system
[   12.269768] EXT4-fs (sda1): mounted filesystem with ordered data mode. Opts: (null)
done.
Begin: Running /scripts/local-bottom ... done.
Begin: Running /scripts/init-bottom ... done.
[   12.548486] ip_tables: (C) 2000-2006 Netfilter Core Team
[   12.572911] systemd[1]: systemd 237 running in system mode. (+PAM +AUDIT +SELINUX +IMA +APPARMOR +SMACK +SYSVINIT +UTMP +LIBCRYPTSETUP +GCRYPT +GNUTLS +ACL +XZ +LZ4 +SECCOMP +BLKID +ELFUTILS +KMOD -IDN2 +IDN -PCRE2 default-hierarchy=hybrid)
[   12.591915] systemd[1]: Detected virtualization oracle.
[   12.596571] systemd[1]: Detected architecture x86-64.

Welcome to [1mUbuntu 18.04.6 LTS[0m!

[   12.635845] systemd[1]: Set hostname to <ubuntu>.
[   12.648557] systemd[1]: Initializing machine ID from random generator.
[   12.654876] systemd[1]: Installed transient /etc/machine-id file.
[   13.052082] systemd[1]: Set up automount Arbitrary Executable File Formats File System Automount Point.
[[0;32m  OK  [0m] Set up automount Arbitrary Executab…rmats File System Automount Point.
[   13.064309] systemd[1]: Started Forward Password Requests to Wall Directory Watch.
[[0;32m  OK  [0m] Started Forward Password Requests to Wall Directory Watch.
[   13.073821] systemd[1]: Reached target User and Group Name Lookups.
[[0;32m  OK  [0m] Reached target User and Group Name Lookups.
[   13.095334] systemd[1]: Created slice User and Session Slice.
[[0;32m  OK  [0m] Created slice User and Session Slice.
[[0;32m  OK  [0m] Created slice System Slice.
[[0;32m  OK  [0m] Listening on Device-mapper event daemon FIFOs.
[[0;32m  OK  [0m] Listening on Journal Audit Socket.
[[0;32m  OK  [0m] Listening on Syslog Socket.
[[0;32m  OK  [0m] Listening on Journal Socket (/dev/log).
[[0;32m  OK  [0m] Listening on /dev/initctl Compatibility Named Pipe.
[[0;32m  OK  [0m] Listening on LVM2 metadata daemon socket.
[[0;32m  OK  [0m] Listening on udev Control Socket.
[[0;32m  OK  [0m] Listening on LVM2 poll daemon socket.
[[0;32m  OK  [0m] Reached target Slices.
[[0;32m  OK  [0m] Created slice system-serial\x2dgetty.slice.
[[0;32m  OK  [0m] Listening on udev Kernel Socket.
[[0;32m  OK  [0m] Listening on Journal Socket.
         Starting Load Kernel Modules...
         Starting Journal Service...
         Starting Create list of required st…ce nodes for the current kernel...
         Starting udev Coldplug all Devices...
[   13.174877] Loading iSCSI transport class v2.0-870.
         Mounting Kernel Debug File System...
[[0;32m  OK  [0m] Reached target System Time Synchronized.
[[0;32m  OK  [0m] Reached target Swap.
         Starting Set the console keyboard layout...
         Starting Uncomplicated firewall...
         Starting Monitoring of LVM2 mirrors…ng dmeventd or progress polling...
[[0;32m  OK  [0m] Listening on Network Service Netlink Socket.
         Mounting POSIX Message Queue File System...
         Mounting Huge Pages File System...
[[0;32m  OK  [0m] Listening on fsck to fsckd communication Socket.
         Starting File System Check on Root Device...
[   13.241343] iscsi: registered transport (tcp)
[   13.271099] iscsi: registered transport (iser)
[[0;32m  OK  [0m] Started Load Kernel Modules.
[[0;32m  OK  [0m] Started Create list of required sta…vice nodes for the current kernel.
[[0;32m  OK  [0m] Started Uncomplicated firewall.
[[0;32m  OK  [0m] Started Journal Service.
[[0;32m  OK  [0m] Started LVM2 metadata daemon.
[[0;32m  OK  [0m] Started File System Check Daemon to report status.
         Starting Create Static Device Nodes in /dev...
         Mounting Kernel Configuration File System...
         Mounting FUSE Control File System...
         Starting Apply Kernel Variables...
[[0;32m  OK  [0m] Mounted Kernel Debug File System.
[[0;32m  OK  [0m] Mounted POSIX Message Queue File System.
[[0;32m  OK  [0m] Mounted Huge Pages File System.
[[0;32m  OK  [0m] Started udev Coldplug all Devices.
[[0;32m  OK  [0m] Started Monitoring of LVM2 mirrors,…sing dmeventd or progress polling.
[[0;32m  OK  [0m] Mounted Kernel Configuration File System.
[[0;32m  OK  [0m] Mounted FUSE Control File System.
[[0;32m  OK  [0m] Started File System Check on Root Device.
         Starting Remount Root and Kernel File Systems...
[[0;32m  OK  [0m] Started Apply Kernel Variables.
[[0;32m  OK  [0m] Started Create Static Device Nodes in /dev.
[[0;32m  OK  [0m] Started Remount Root and Kernel File Systems.
         Starting Load/Save Random Seed...
         Starting Flush Journal to Persistent Storage...
         Starting udev Kernel Device Manager...
[[0;32m  OK  [0m] Started Load/Save Random Seed.
[[0;32m  OK  [0m] Started udev Kernel Device Manager.
[[0;32m  OK  [0m] Started Flush Journal to Persistent Storage.
[[0;32m  OK  [0m] Found device /dev/ttyS0.
[[0;32m  OK  [0m] Listening on Load/Save RF Kill Switch Status /dev/rfkill Watch.
[[0;32m  OK  [0m] Started Set the console keyboard layout.
[[0;32m  OK  [0m] Reached target Local File Systems (Pre).
[[0;32m  OK  [0m] Reached target Local File Systems.
         Starting Commit a transient machine-id on disk...
         Starting Set console font and keymap...
         Starting ebtables ruleset management...
         Starting AppArmor initialization...
         Starting Create Volatile Files and Directories...
         Starting Tell Plymouth To Write Out Runtime Data...
[[0;32m  OK  [0m] Started Dispatch Password Requests to Console Directory Watch.
[[0;32m  OK  [0m] Reached target Local Encrypted Volumes.
[[0;32m  OK  [0m] Started Tell Plymouth To Write Out Runtime Data.
[[0;32m  OK  [0m] Started Create Volatile Files and Directories.
         Starting Update UTMP about System Boot/Shutdown...
[[0;32m  OK  [0m] Started Update UTMP about System Boot/Shutdown.
[[0;32m  OK  [0m] Started Commit a transient machine-id on disk.
[[0;32m  OK  [0m] Started ebtables ruleset management.
[[0;32m  OK  [0m] Started AppArmor initialization.
         Starting Initial cloud-init job (pre-networking)...
         Starting Load AppArmor profiles managed internally by snapd...
[[0;32m  OK  [0m] Started Load AppArmor profiles managed internally by snapd.
[[0;32m  OK  [0m] Started Set console font and keymap.
[   18.133070] cloud-init[730]: Cloud-init v. 22.2-0ubuntu1~18.04.3 running 'init-local' at Wed, 12 Oct 2022 11:18:16 +0000. Up 17.61 seconds.
[[0;32m  OK  [0m] Started Initial cloud-init job (pre-networking).
[[0;32m  OK  [0m] Reached target Network (Pre).
         Starting Network Service...
[[0;32m  OK  [0m] Started Network Service.
         Starting Network Name Resolution...
         Starting Wait for Network to be Configured...
[[0;32m  OK  [0m] Started Network Name Resolution.
[[0;32m  OK  [0m] Reached target Network.
[[0;32m  OK  [0m] Reached target Host and Network Name Lookups.
[[0;32m  OK  [0m] Started Wait for Network to be Configured.
         Starting Initial cloud-init job (metadata service crawler)...
[   20.718501] cloud-init[893]: Cloud-init v. 22.2-0ubuntu1~18.04.3 running 'init' at Wed, 12 Oct 2022 11:18:19 +0000. Up 20.56 seconds.
[   20.724181] cloud-init[893]: ci-info: ++++++++++++++++++++++++++++++++++++++Net device info++++++++++++++++++++++++++++++++++++++
[   20.728591] cloud-init[893]: ci-info: +--------+-------+---------------------------+---------------+--------+-------------------+
[   20.733127] cloud-init[893]: ci-info: | Device |   Up  |          Address          |      Mask     | Scope  |     Hw-Address    |
[   20.738902] cloud-init[893]: ci-info: +--------+-------+---------------------------+---------------+--------+-------------------+
[   20.744154] cloud-init[893]: ci-info: | enp0s3 |  True |         10.0.2.15         | 255.255.255.0 | global | 02:77:d8:76:0e:b8 |
[   20.748794] cloud-init[893]: ci-info: | enp0s3 |  True | fe80::77:d8ff:fe76:eb8/64 |       .       |  link  | 02:77:d8:76:0e:b8 |
[   20.756209] cloud-init[893]: ci-info: | enp0s8 | False |             .             |       .       |   .    | 08:00:27:af:22:39 |
[   20.764194] cloud-init[893]: ci-info: |   lo   |  True |         127.0.0.1         |   255.0.0.0   |  host  |         .         |
[   20.771396] cloud-init[893]: ci-info: |   lo   |  True |          ::1/128          |       .       |  host  |         .         |
[   20.778939] cloud-init[893]: ci-info: +--------+-------+---------------------------+---------------+--------+-------------------+
[   20.786686] cloud-init[893]: ci-info: ++++++++++++++++++++++++++++Route IPv4 info+++++++++++++++++++++++++++++
[   20.794247] cloud-init[893]: ci-info: +-------+-------------+----------+-----------------+-----------+-------+
[   20.801688] cloud-init[893]: ci-info: | Route | Destination | Gateway  |     Genmask     | Interface | Flags |
[   20.807584] cloud-init[893]: ci-info: +-------+-------------+----------+-----------------+-----------+-------+
[   20.814338] cloud-init[893]: ci-info: |   0   |   0.0.0.0   | 10.0.2.2 |     0.0.0.0     |   enp0s3  |   UG  |
[   20.822731] cloud-init[893]: ci-info: |   1   |   10.0.2.0  | 0.0.0.0  |  255.255.255.0  |   enp0s3  |   U   |
[   20.829692] cloud-init[893]: ci-info: |   2   |   10.0.2.2  | 0.0.0.0  | 255.255.255.255 |   enp0s3  |   UH  |
[   20.836602] cloud-init[893]: ci-info: +-------+-------------+----------+-----------------+-----------+-------+
[   20.844702] cloud-init[893]: ci-info: +++++++++++++++++++Route IPv6 info+++++++++++++++++++
[   20.847711] cloud-init[893]: ci-info: +-------+-------------+---------+-----------+-------+
[   20.851991] cloud-init[893]: ci-info: | Route | Destination | Gateway | Interface | Flags |
[   20.856576] cloud-init[893]: ci-info: +-------+-------------+---------+-----------+-------+
[   20.860076] cloud-init[893]: ci-info: |   1   |  fe80::/64  |    ::   |   enp0s3  |   U   |
[   20.863313] cloud-init[893]: ci-info: |   3   |    local    |    ::   |   enp0s3  |   U   |
[   20.866229] cloud-init[893]: ci-info: |   4   |   ff00::/8  |    ::   |   enp0s3  |   U   |
[   20.869719] cloud-init[893]: ci-info: +-------+-------------+---------+-----------+-------+
[   21.990329] cloud-init[893]: Generating public/private rsa key pair.
[   21.997080] cloud-init[893]: Your identification has been saved in /etc/ssh/ssh_host_rsa_key.
[   22.003833] cloud-init[893]: Your public key has been saved in /etc/ssh/ssh_host_rsa_key.pub.
[   22.014796] cloud-init[893]: The key fingerprint is:
[   22.020809] cloud-init[893]: SHA256:lGX01VNzFThKN3WffLj17a+kBIIM9OQxIqLbpUbQXQI root@ubuntu-bionic
[   22.028573] cloud-init[893]: The key's randomart image is:
[   22.033816] cloud-init[893]: +---[RSA 2048]----+
[   22.040309] cloud-init[893]: |o.Eo+.=  .+   +=O|
[   22.045964] cloud-init[893]: |.o.o.* o + o *.oB|
[   22.050195] cloud-init[893]: |. . o o o . + +o=|
[   22.056269] cloud-init[893]: | + o o o   .   o+|
[   22.062461] cloud-init[893]: |. +   o S .   . o|
[   22.068051] cloud-init[893]: | .       . .   . |
[   22.074798] cloud-init[893]: |            . . .|
[   22.079235] cloud-init[893]: |           . o  .|
[   22.084171] cloud-init[893]: |            . ...|
[   22.089779] cloud-init[893]: +----[SHA256]-----+
[   22.095297] cloud-init[893]: Generating public/private dsa key pair.
[   22.100824] cloud-init[893]: Your identification has been saved in /etc/ssh/ssh_host_dsa_key.
[   22.107696] [[0;32m  OK  [0m] Started Initial cloud-init job (metadata service crawler).
[[0;32m  OK  [0m] Reached target Network is Online.
         Starting Availability of block devices...
[[0;32m  OK  [0m] Reached target Remote File Systems (Pre).
[[0;32m  OK  [0m] Reached target Remote File Systems.
[[0;32m  OK  [0m] Reached target System Initialization.
[[0;32m  OK  [0m] Listening on ACPID Listen Socket.
[[0;32m  OK  [0m] Started Daily apt download activities.
[[0;32m  OK  [0m] Started Daily apt upgrade and clean activities.
[[0;32m  OK  [0m] Listening on Open-iSCSI iscsid Socket.
         Starting LXD - unix socket.
[[0;32m  OK  [0m] Listening on D-Bus System Message Bus Socket.
         Starting Socket activation for snappy daemon.
[[0;32m  OK  [0m] Started Message of the Day.
[[0;32m  OK  [0m] Started Discard unused blocks once a week.
[[0;32m  OK  [0m] Started Daily Cleanup of Temporary Directories.
[[0;32m  OK  [0m] Listening on cloud-init hotplug hook socket.
[[0;32m  OK  [0m] Started ACPI Events Check.
[[0;32m  OK  [0m] Reached target Paths.
[[0;32m  OK  [0m] Started Ubuntu Advantage Timer for running repeated jobs.
[[0;32m  OK  [0m] Reached target Timers.
[[0;32m  OK  [0m] Listening on UUID daemon activation socket.
[[0;32m  OK  [0m] Reached target Cloud-config availability.
[cloud-init[893]: Your public key has been saved in /etc/ssh/ssh_host_dsa_key.pub.
[0;32m  OK  [0m] Started Availability of block devices.
[[0;32m  OK  [0m] Listening on LXD - unix socket.
[[0;32m  OK  [0m] Listening on Socket activation for snappy daemon.
[[0;32m  OK  [0m] Reached target Sockets.
[[0;32m  OK  [0m] Reached target Basic System.
         Starting LSB: automatic crash report generation...
[[0;32m  OK  [0m] Started irqbalance daemon.
[   22.179001] cloud-init[893]: The key fingerprint is:         Starting Snap Daemon...

[   22.190526]          Starting Permit User Sessions...
cloud-init[893]: SHA256:YkU9c/Ll7vHGG2cACVSKhxk8Yj4wkdaiZQ8/jatxU24 root@ubuntu-bionic
[   22.203519] cloud-init         Starting Pollinate to seed the pseudo random number generator...
         Starting Accounts Service...
[893]: The key's randomart image is:
[   22.222854] cloud-init[893]: +---[DSA 1024]----+
[   22.231229] cloud-init[893]: |    .+ .ooo..    |
[   22.237884] cloud-init[893]: |    X +.o==o...  |
[   22.244998] cloud-init[893]: |   = X +=.o*oo   |
[   22.261011] [[0;32m  OK  [0m] Started Regular background program processing daemon.
[[0;32m  OK  [0m] Started FUSE filesystem for LXC.
cloud-init[893]:          Starting Login Service...
|  .   B.o.  ...  |[[0;32m  OK  [0m] Started Deferred execution scheduler.

         Starting LXD - container startup/shutdown...
         Starting System Logging Service...
         Starting LSB: Record successful boot for GRUB...
         Starting Virtualbox guest utils...
[   22.299838] [[0;32m  OK  [0m] Started D-Bus System Message Bus.
cloud-init[893]: |      o*S    ..  |
[   22.314162] cloud-init[893]: |    ..+.E     o. |
[   22.327915] cloud-init[893]: |     + o     . =o|
[   22.333512] cloud-init[893]: |    .         ..*|
[   22.343270] cloud-init[893]: |               o.|
[   22.349055] cloud-init[893]: +----[SHA256]-----+
[   22.359655] cloud-init[893]: Generating public/private ecdsa key pair.
[   22.365644] cloud-init[893]: Your identification has been saved in /etc/ssh/ssh_host_ecdsa_key.
[   22.377033] cloud-init[893]: Your public key has been saved in /etc/ssh/ssh_host_ecdsa_key.pub.
[   22.385897] cloud-init[893]: The key fingerprint is:
[   22.392185] cloud-init[893]: SHA256:9FivtNl3DzEcz+YPAH/e8SL8cwMuvY+ypGMn6PpJDMI root@ubuntu-bionic
[   22.402316] cloud-init[893]: The key's randomart image is:
[   22.413805] cloud-init[893]: +---[ECDSA 256]---+
[   22.419907] cloud-init[893]: |                 |
[   22.430245] cloud-init[893]: |                 |
[   22.443062] cloud-init[893]: |        . o   .  |
[   22.467978] cloud-init[893]: |  .    . + + . + |
[   22.478063] cloud-init[893]: |   E .  S o + =.+|
[   22.486762] cloud-init[893]: |    . o  . * = *o|
[   22.493149] cloud-init[893]: |       o. +.* B =|
[   22.498696] cloud-init[893]: |      ...+o+ *o*+|
[   22.507623] cloud-init[893]: |     .++..+.+o+++|
[   22.513411] cloud-init[893]: +----[SHA256]-----+
[   22.519435] cloud-init[893]: Generating public/private ed25519 key pair.
[   22.526581] cloud-init[893]: Your identification has been saved in /etc/ssh/ssh_host_ed25519_key.
[   22.539198] cloud-init[893]: Your public key has been saved in /etc/ssh/ssh_host_ed25519_key.pub.
[   22.545763] cloud-init[893]: The key fingerprint is:
[   22.551358] cloud-init[893]: SHA256:z2Lm92akuC9Z/yXqOZI3xd5kDDRrLLSPRtSRT6WENeo root@ubuntu-bionic
[   22.559007] cloud-init[893]: The key's randomart image is:
[   22.565134] cloud-init[893]: +--[ED25519 256]--+
[   22.570182] cloud-init[893]: |             +=oo|
[   22.574954] cloud-init[893]: |            +o=o.|
[   22.585004] cloud-init[893]: |           o.+.= |
[   22.592301] cloud-init[893]: |           .+ = .|
[   22.599279] cloud-init[893]: |        S  .E* o |
[   22.603859] cloud-init[893]: |         o. + + +|
[   22.619657] cloud-init[893]: |        ++o* o.+.|
[   22.625969] cloud-init[893]: |       ++.= Bo.o.|
[   22.632061] cloud-init[893]: |        o=.B=+.  |
[   22.638561] cloud-init[893]: +----[SHA256]-----+
         Starting Dispatcher daemon for systemd-networkd...
[[0;32m  OK  [0m] Started System Logging Service.
[[0;32m  OK  [0m] Started Permit User Sessions.
[[0;32m  OK  [0m] Started Login Service.
[[0;32m  OK  [0m] Started Unattended Upgrades Shutdown.
         Starting Hold until boot process finishes up...
         Starting Terminate Plymouth Boot Screen...
[[0;32m  OK  [0m] Started Hold until boot process finishes up.
[[0;32m  OK  [0m] Started Serial Getty on ttyS0.
         Starting Set console scheme...
[[0;32m  OK  [0m] Started Terminate Plymouth Boot Screen.
         Starting Authorization Manager...
[[0;32m  OK  [0m] Started LSB: automatic crash report generation.
[[0;32m  OK  [0m] Started Set console scheme.
[[0;32m  OK  [0m] Created slice system-getty.slice.
[[0;32m  OK  [0m] Started Getty on tty1.
[[0;32m  OK  [0m] Reached target Login Prompts.
[[0;32m  OK  [0m] Started LSB: Record successful boot for GRUB.
[[0;32m  OK  [0m] Started Authorization Manager.
[[0;32m  OK  [0m] Started Accounts Service.
[[0;32m  OK  [0m] Started Virtualbox guest utils.
[[0;32m  OK  [0m] Started LXD - container startup/shutdown.
[[0;32m  OK  [0m] Started Dispatcher daemon for systemd-networkd.
[[0;32m  OK  [0m] Started Snap Daemon.
         Starting Wait until snapd is fully seeded...
         Starting Time & Date Service...
[[0;32m  OK  [0m] Started Time & Date Service.
[[0;32m  OK  [0m] Started Pollinate to seed the pseudo random number generator.
         Starting OpenBSD Secure Shell server...
[[0;32m  OK  [0m] Started OpenBSD Secure Shell server.
[[0;32m  OK  [0m] Created slice User Slice of vagrant.
         Starting User Manager for UID 1000...
[[0;32m  OK  [0m] Started Session 1 of user vagrant.
[[0;32m  OK  [0m] Started User Manager for UID 1000.
[[0;32m  OK  [0m] Started Wait until snapd is fully seeded.
         Starting Apply the settings specified in cloud-config...
[   28.755781] cloud-init[1376]: Cloud-init v. 22.2-0ubuntu1~18.04.3 running 'modules:config' at Wed, 12 Oct 2022 11:18:26 +0000. Up 27.32 seconds.

Ubuntu 18.04.6 LTS ubuntu-bionic ttyS0

ubuntu-bionic login: ci-info: no authorized SSH keys fingerprints found for user ubuntu.
<14>Oct 12 11:18:29 cloud-init: #############################################################
<14>Oct 12 11:18:29 cloud-init: -----BEGIN SSH HOST KEY FINGERPRINTS-----
<14>Oct 12 11:18:29 cloud-init: 1024 SHA256:YkU9c/Ll7vHGG2cACVSKhxk8Yj4wkdaiZQ8/jatxU24 root@ubuntu-bionic (DSA)
<14>Oct 12 11:18:29 cloud-init: 256 SHA256:9FivtNl3DzEcz+YPAH/e8SL8cwMuvY+ypGMn6PpJDMI root@ubuntu-bionic (ECDSA)
<14>Oct 12 11:18:29 cloud-init: 256 SHA256:z2Lm92akuC9Z/yXqOZI3xd5kDDRrLLSPRtSRT6WENeo root@ubuntu-bionic (ED25519)
<14>Oct 12 11:18:29 cloud-init: 2048 SHA256:lGX01VNzFThKN3WffLj17a+kBIIM9OQxIqLbpUbQXQI root@ubuntu-bionic (RSA)
<14>Oct 12 11:18:29 cloud-init: -----END SSH HOST KEY FINGERPRINTS-----
<14>Oct 12 11:18:29 cloud-init: #############################################################
-----BEGIN SSH HOST KEY KEYS-----
ecdsa-sha2-nistp256 AAAAE2VjZHNhLXNoYTItbmlzdHAyNTYAAAAIbmlzdHAyNTYAAABBBGvrs/2m+vvKzjyRj6nAm4rUDlnqG3197zFTwksylPWFZMjNv/H/hWHd8GE7EuzjMCy+mCOiHosNi1m2vkIKQjw= root@ubuntu-bionic
ssh-ed25519 AAAAC3NzaC1lZDI1NTE5AAAAIOvQew3VTrFzn01BVggmXc7nAIeHNYNNmb0gD3WMVvsV root@ubuntu-bionic
ssh-rsa AAAAB3NzaC1yc2EAAAADAQABAAABAQDssfE57Ovdy6M7XtnY/viHJQfWKz7Yu731JBDx+/apWYDtl8D4q6Op+XRUMB7WWzqX8th9VCfcYcWHDb3OPtTnqV2UWt0qRi3/8ba54doF1E6pJLasIGNRB2Z8JXDaMAcPzDc1NSgavAGDBOh+wj4DtOvnQTvOjX/4edCmkfzAtZjEwc0QsqHu39MxC+XnZADq1pbvMuAkqTVRq38do+bf5Jl53kMg1IfWSwwM7Atp4TpkNU69xSky77yypkPm88Cw+KDppip6mnk+VvgJrC9HEX8vL+tKHS603fgk2HBRDXJVSikNig0yQB3d0W2U2G9HlUFVEWg/oMePCFJ49wVX root@ubuntu-bionic
-----END SSH HOST KEY KEYS-----
[   29.838772] cloud-init[1505]: Cloud-init v. 22.2-0ubuntu1~18.04.3 running 'modules:final' at Wed, 12 Oct 2022 11:18:28 +0000. Up 29.52 seconds.
[   29.839580] cloud-init[1505]: Cloud-init v. 22.2-0ubuntu1~18.04.3 finished at Wed, 12 Oct 2022 11:18:29 +0000. Datasource DataSourceNoCloud [seed=/dev/sdb][dsmode=net].  Up 29.81 seconds
[[0;32m  OK  [0m] Stopped Unattended Upgrades Shutdown.
         Stopping User Manager for UID 1000...
[[0;32m  OK  [0m] Stopped target Cloud-init target.
         Stopping Availability of block devices...
[[0;32m  OK  [0m] Closed Load/Save RF Kill Switch Status /dev/rfkill Watch.
[[0;32m  OK  [0m] Stopped Execute cloud user/final scripts.
[[0;32m  OK  [0m] Stopped target Timers.
[[0;32m  OK  [0m] Stopped Daily apt upgrade and clean activities.
[[0;32m  OK  [0m] Stopped Daily apt download activities.
[[0;32m  OK  [0m] Stopped Daily Cleanup of Temporary Directories.
[[0;32m  OK  [0m] Stopped Ubuntu Advantage Timer for running repeated jobs.
[[0;32m  OK  [0m] Stopped Apply the settings specified in cloud-config.
[[0;32m  OK  [0m] Stopped target Graphical Interface.
         Stopping Accounts Service...
[[0;32m  OK  [0m] Stopped target Multi-User System.
         Stopping LSB: automatic crash report generation...
         Stopping Dispatcher daemon for systemd-networkd...
         Stopping OpenBSD Secure Shell server...
         Stopping Deferred execution scheduler...
[[0;32m  OK  [0m] Stopped Wait until snapd is fully seeded.
         Stopping LXD - container startup/shutdown...
         Stopping System Logging Service...
         Stopping The Apache HTTP Server...
         Stopping Virtualbox guest utils...
         Stopping LSB: Record successful boot for GRUB...
         Stopping Regular background program processing daemon...
         Stopping FUSE filesystem for LXC...
         Stopping irqbalance daemon...
         Stopping D-Bus System Message Bus...
         Stopping Authorization Manager...
[[0;32m  OK  [0m] Stopped target Cloud-config availability.
         Stopping Session 65 of user vagrant.
[[0;32m  OK  [0m] Stopped Discard unused blocks once a week.
[[0;32m  OK  [0m] Stopped target Login Prompts.
         Stopping Getty on tty1...
         Stopping Serial Getty on ttyS0...
[[0;32m  OK  [0m] Stopped Message of the Day.
[[0;32m  OK  [0m] Stopped target System Time Synchronized.
[[0;32m  OK  [0m] Stopped Accounts Service.
[[0;32m  OK  [0m] Stopped Regular background program processing daemon.
[[0;32m  OK  [0m] Unmounted /var/lib/lxcfs.
[[0;32m  OK  [0m] Stopped irqbalance daemon.
[[0;32m  OK  [0m] Stopped Deferred execution scheduler.
[[0;32m  OK  [0m] Stopped Dispatcher daemon for systemd-networkd.
[[0;32m  OK  [0m] Stopped Serial Getty on ttyS0.
[[0;32m  OK  [0m] Stopped Authorization Manager.
[[0;32m  OK  [0m] Stopped Getty on tty1.
[[0;32m  OK  [0m] Stopped System Logging Service.
[[0;32m  OK  [0m] Stopped OpenBSD Secure Shell server.
[[0;32m  OK  [0m] Stopped User Manager for UID 1000.
[[0;32m  OK  [0m] Stopped Availability of block devices.
[[0;32m  OK  [0m] Stopped D-Bus System Message Bus.
[[0;32m  OK  [0m] Stopped FUSE filesystem for LXC.
[[0;32m  OK  [0m] Stopped Session 65 of user vagrant.
[[0;32m  OK  [0m] Stopped LXD - container startup/shutdown.
[[0;32m  OK  [0m] Removed slice User Slice of vagrant.
         Stopping Login Service...
[[0;32m  OK  [0m] Removed slice system-getty.slice.
[[0;32m  OK  [0m] Removed slice system-serial\x2dgetty.slice.
         Stopping Permit User Sessions...
[[0;32m  OK  [0m] Stopped LSB: automatic crash report generation.
[[0;32m  OK  [0m] Stopped LSB: Record successful boot for GRUB.
[[0;32m  OK  [0m] Stopped Permit User Sessions.
[[0;32m  OK  [0m] Stopped Login Service.
[[0;32m  OK  [0m] Stopped target User and Group Name Lookups.
[[0;32m  OK  [0m] Stopped Virtualbox guest utils.
[[0;32m  OK  [0m] Stopped The Apache HTTP Server.
[[0;32m  OK  [0m] Stopped target Basic System.
[[0;32m  OK  [0m] Stopped target Slices.
[[0;32m  OK  [0m] Removed slice User and Session Slice.
[[0;32m  OK  [0m] Stopped target Paths.
[[0;32m  OK  [0m] Stopped ACPI Events Check.
[[0;32m  OK  [0m] Stopped target Sockets.
[[0;32m  OK  [0m] Closed Socket activation for snappy daemon.
[[0;32m  OK  [0m] Closed cloud-init hotplug hook socket.
[[0;32m  OK  [0m] Closed ACPID Listen Socket.
[[0;32m  OK  [0m] Closed D-Bus System Message Bus Socket.
[[0;32m  OK  [0m] Closed Open-iSCSI iscsid Socket.
[[0;32m  OK  [0m] Closed Syslog Socket.
[[0;32m  OK  [0m] Closed LXD - unix socket.
[[0;32m  OK  [0m] Closed UUID daemon activation socket.
[[0;32m  OK  [0m] Stopped target Remote File Systems.
         Unmounting /vagrant...
[[0;32m  OK  [0m] Stopped target Host and Network Name Lookups.
[[0;32m  OK  [0m] Stopped target System Initialization.
         Stopping Update UTMP about System Boot/Shutdown...
         Stopping Load/Save Random Seed...
[[0;32m  OK  [0m] Stopped Commit a transient machine-id on disk.
[[0;32m  OK  [0m] Stopped target Local Encrypted Volumes.
[[0;32m  OK  [0m] Stopped Forward Password Requests to Wall Directory Watch.
[[0;32m  OK  [0m] Stopped Dispatch Password Requests to Console Directory Watch.
[[0;32m  OK  [0m] Unmounted /vagrant.
[[0;32m  OK  [0m] Stopped Load/Save Random Seed.
[[0;32m  OK  [0m] Stopped target Network is Online.
[[0;32m  OK  [0m] Stopped target Network.
         Stopping Network Name Resolution...
[[0;32m  OK  [0m] Stopped Initial cloud-init job (metadata service crawler).
[[0;32m  OK  [0m] Stopped target Remote File Systems (Pre).
[[0;32m  OK  [0m] Stopped Update UTMP about System Boot/Shutdown.
[[0;32m  OK  [0m] Stopped Network Name Resolution.
[[0;32m  OK  [0m] Stopped Create Volatile Files and Directories.
[[0;32m  OK  [0m] Stopped target Local File Systems.
         Unmounting /run/user/1000...
         Stopping Network Service...
[[0;32m  OK  [0m] Unmounted /run/user/1000.
[[0;32m  OK  [0m] Reached target Unmount All Filesystems.
[[0;32m  OK  [0m] Stopped target Swap.
[[0;32m  OK  [0m] Stopped target Local File Systems (Pre).
[[0;32m  OK  [0m] Stopped Create Static Device Nodes in /dev.
         Stopping Monitoring of LVM2 mirrors…ng dmeventd or progress polling...
[[0;32m  OK  [0m] Stopped Monitoring of LVM2 mirrors,…sing dmeventd or progress polling.
         Stopping LVM2 metadata daemon...
[[0;32m  OK  [0m] Stopped LVM2 metadata daemon.
[[0;32m  OK  [0m] Stopped Network Service.
[[0;32m  OK  [0m] Stopped target Network (Pre).
[[0;32m  OK  [0m] Stopped Initial cloud-init job (pre-networking).
[[0;32m  OK  [0m] Stopped Remount Root and Kernel File Systems.
[[0;32m  OK  [0m] Stopped Apply Kernel Variables.
[[0;32m  OK  [0m] Stopped Load Kernel Modules.
[[0;32m  OK  [0m] Reached target Shutdown.
[[0;32m  OK  [0m] Reached target Final Step.
         Starting Power-Off...
[16293.434348] reboot: Power down
